I (29) boot: ESP-IDF v5.5.2-dirty 2nd stage bootloader
I (30) boot: compile time May  1 2026 09:28:37
I (30) boot: chip revision: v1.0
I (30) boot: efuse block revision: v0.2
I (30) boot.esp32s2: SPI Speed      : 80MHz
I (30) boot.esp32s2: SPI Mode       : DIO
I (30) boot.esp32s2: SPI Flash Size : 4MB
I (30) boot: Enabling RNG early entropy source...
I (30) boot: Partition Table:
I (30) boot: ## Label            Usage          Type ST Offset   Length
I (32) boot:  0 nvs              WiFi data        01 02 00009000 00006000
I (33) boot:  1 otadata          OTA data         01 00 0000f000 00002000
I (34) boot:  2 phy_init         RF data          01 01 00011000 00001000
I (35) boot:  3 factory          factory app      00 00 00020000 00120000
I (36) boot:  4 ota_0            OTA app          00 10 00140000 00120000
I (38) boot:  5 ota_1            OTA app          00 11 00260000 00120000
I (39) boot:  6 spiffs           Unknown data     01 82 00380000 00080000
I (40) boot: End of partition table
I (40) boot: Defaulting to factory image
I (40) esp_image: segment 0: paddr=00020020 vaddr=3f000020 size=51838h (333880) map
I (108) esp_image: segment 1: paddr=00071860 vaddr=3ffc4070 size=01e70h (  7792) load
I (110) esp_image: segment 2: paddr=000736d8 vaddr=40024000 size=0c940h ( 51520) load
I (123) esp_image: segment 3: paddr=00080020 vaddr=40080020 size=4c068h (311400) map
I (187) esp_image: segment 4: paddr=000cc090 vaddr=40030940 size=03730h ( 14128) load
I (191) esp_image: segment 5: paddr=000cf7c8 vaddr=50000000 size=00020h (    32) load
I (199) boot: Loaded app from partition at offset 0x20000
I (199) boot: Disabling RNG early entropy source...
I (218) spi_flash: detected chip: generic
I (218) spi_flash: flash io: dio
I (219) main_task: Started on CPU0
I (219) main_task: Calling app_main()

[M] app_main entry, reset_reason=3 (SW)
I (220) EPaperQr: [M] Last change: Prefisso Â§: clear display prima del testo
I (221) EPaperQr: [M] Last change timestamp: Fri May  1 12:19:40 2026
I (222) EPaperQr: [M] Starting EPaperQr FreeRTOS application
I (522) EPaperQr: [M] init step: SPIFFS
I (534) EPaperQr: [M] SPIFFS mounted at /spiffs
I (534) EPaperQr: [M] SPIFFS contents:
I (534) EPaperQr: [M]   logo_n3.jpg
I (535) EPaperQr: [M]   logo_n2.jpg
I (535) EPaperQr: [M]   .gitkeep
I (535) EPaperQr: [M]   logo_n.jpg
I (542) EPaperQr: [M] SPIFFS files count: 4
I (542) EPaperQr: [M] init step: display
I (543) EPaperQr: [M] Initializing Epaper hardware driver
I (2402) EPaperQr: [M] Epaper driver enabled
I (2402) EPaperQr: [M] init step: LVGL
I (2407) EPaperQr: [M] init step: UI
I (2408) EPaperQr: Logo: normal mode -> returning inverted (white) logo
I (2411) EPaperQr: [M] init step: WiFi
I (2411) EPaperQr: [M] init step: USB console master commands
I (2412) EPaperQr: [M] init step: UART scanner
I (2412) EPaperQr: Initializing UART 1 @ 9600 baud TX=17 RX=18
I (2413) EPaperQr: UART 1 initialized successfully
I (2413) EPaperQr: [M] init step: scanner initialization (serial mode, self-test disabled)
I (2414) ScannerControl: [C] initializeScanner start
I (2465) ScannerControl: [C] Scanner control pins configured
I (2465) ScannerControl: [C] Scanner initialization phase complete
I (2466) EPaperQr: [M] init step: RGB LED
W (2466) led_control: [C] WS2812 driver temporaneamente disabilitato (PIN=3)
I (2467) EPaperQr: [M] init completed
I (2468) MasterProtocol: Command 0x00 0xAA: master init received
I (5280) MasterProtocol: Master serial command received: 0x00 0x00
I (5281) MasterProtocol: Command 0x00 0x00: clear display (partial refresh)
I (5636) EPaperQr: clearDisplay: LVGL buffer cleared + e-paper partial refresh applied
I (5637) MasterProtocol: Complete extended text payload: font=9 x=100 y=100 text=§34
I (5638) MasterProtocol: Â§ prefix: filling display with white dots pattern and partial refresh
I (5640) EPaperQr: fillDisplayWithDots: normal mode -> white dots
I (7775) EPaperQr: Extended display text CLEAN font#9 center=(100,100) len=2
I (7777) MasterProtocol: Complete extended text payload: font=9 x=100 y=100 text=§35
I (7778) MasterProtocol: Â§ prefix: filling display with white dots pattern and partial refresh
I (7779) EPaperQr: fillDisplayWithDots: normal mode -> white dots
I (9910) EPaperQr: Extended display text CLEAN font#9 center=(100,100) len=2
I (9911) MasterProtocol: Complete extended text payload: font=9 x=100 y=100 text=§36
I (9913) MasterProtocol: Â§ prefix: filling display with white dots pattern and partial refresh
I (9914) EPaperQr: fillDisplayWithDots: normal mode -> white dots
I (12045) EPaperQr: Extended display text CLEAN font#9 center=(100,100) len=2
I (12046) MasterProtocol: Complete extended text payload: font=9 x=100 y=100 text=§37
I (12048) MasterProtocol: Â§ prefix: filling display with white dots pattern and partial refresh
I (12049) EPaperQr: fillDisplayWithDots: normal mode -> white dots
I (14180) EPaperQr: Extended display text CLEAN font#9 center=(100,100) len=2
I (14181) MasterProtocol: Complete extended text payload: font=9 x=100 y=100 text=§38
I (14183) MasterProtocol: Â§ prefix: filling display with white dots pattern and partial refresh
I (14184) EPaperQr: fillDisplayWithDots: normal mode -> white dots
I (16316) EPaperQr: Extended display text CLEAN font#9 center=(100,100) len=2
I (16317) MasterProtocol: Complete extended text payload: font=9 x=100 y=100 text=§39
I (16319) MasterProtocol: Â§ prefix: filling display with white dots pattern and partial refresh
I (16320) EPaperQr: fillDisplayWithDots: normal mode -> white dots
I (18451) EPaperQr: Extended display text CLEAN font#9 center=(100,100) len=2
I (18452) MasterProtocol: Complete extended text payload: font=9 x=100 y=100 text=§40
I (18454) MasterProtocol: Â§ prefix: filling display with white dots pattern and partial refresh
I (18455) EPaperQr: fillDisplayWithDots: normal mode -> white dots
I (20586) EPaperQr: Extended display text CLEAN font#9 center=(100,100) len=2
I (20587) MasterProtocol: Complete extended text payload: font=9 x=100 y=100 text=§41
I (20589) MasterProtocol: Â§ prefix: filling display with white dots pattern and partial refresh
I (20590) EPaperQr: fillDisplayWithDots: normal mode -> white dots
I (22721) EPaperQr: Extended display text CLEAN font#9 center=(100,100) len=2
I (22722) MasterProtocol: Complete extended text payload: font=9 x=100 y=100 text=§42
I (22724) MasterProtocol: Â§ prefix: filling display with white dots pattern and partial refresh
I (22725) EPaperQr: fillDisplayWithDots: normal mode -> white dots
I (24856) EPaperQr: Extended display text CLEAN font#9 center=(100,100) len=2
I (24857) MasterProtocol: Complete extended text payload: font=9 x=100 y=100 text=§43
I (24859) MasterProtocol: Â§ prefix: filling display with white dots pattern and partial refresh
I (24860) EPaperQr: fillDisplayWithDots: normal mode -> white dots
I (26991) EPaperQr: Extended display text CLEAN font#9 center=(100,100) len=2
I (26992) MasterProtocol: Complete extended text payload: font=9 x=100 y=100 text=§45
I (26994) MasterProtocol: Â§ prefix: filling display with white dots pattern and partial refresh
I (26995) EPaperQr: fillDisplayWithDots: normal mode -> white dots
I (29126) EPaperQr: Extended display text CLEAN font#9 center=(100,100) len=2
I (29127) MasterProtocol: Complete extended text payload: font=9 x=100 y=100 text=§46
I (29129) MasterProtocol: Â§ prefix: filling display with white dots pattern and partial refresh
I (29130) EPaperQr: fillDisplayWithDots: normal mode -> white dots
I (31261) EPaperQr: Extended display text CLEAN font#9 center=(100,100) len=2
I (31262) MasterProtocol: Complete extended text payload: font=9 x=100 y=100 text=§47
I (31264) MasterProtocol: Â§ prefix: filling display with white dots pattern and partial refresh
I (31265) EPaperQr: fillDisplayWithDots: normal mode -> white dots
I (33396) EPaperQr: Extended display text CLEAN font#9 center=(100,100) len=2
I (33781) EPaperQr: Main loop heartbeat
I (38541) MasterProtocol: Complete text payload: ££ASD [hex: A3 A3 41 53 44 ]
I (38544) EPaperQr: Display text using GoogleSans10
I (43783) EPaperQr: Main loop heartbeat
I (53788) EPaperQr: Main loop heartbeat
I (63793) EPaperQr: Main loop heartbeat
I (73798) EPaperQr: Main loop heartbeat
I (83803) EPaperQr: Main loop heartbeat
I (93808) EPaperQr: Main loop heartbeat
I (103813) EPaperQr: Main loop heartbeat
I (113818) EPaperQr: Main loop heartbeat
I (123823) EPaperQr: Main loop heartbeat
I (133828) EPaperQr: Main loop heartbeat
I (143833) EPaperQr: Main loop heartbeat
I (153838) EPaperQr: Main loop heartbeat
I (163843) EPaperQr: Main loop heartbeat
I (173848) EPaperQr: Main loop heartbeat
I (183853) EPaperQr: Main loop heartbeat
I (193858) EPaperQr: Main loop heartbeat
I (203863) EPaperQr: Main loop heartbeat
I (213868) EPaperQr: Main loop heartbeat
I (223873) EPaperQr: Main loop heartbeat
I (233878) EPaperQr: Main loop heartbeat
I (243883) EPaperQr: Main loop heartbeat
I (253888) EPaperQr: Main loop heartbeat
I (263893) EPaperQr: Main loop heartbeat
I (273898) EPaperQr: Main loop heartbeat
I (283903) EPaperQr: Main loop heartbeat
I (293908) EPaperQr: Main loop heartbeat
I (303913) EPaperQr: Main loop heartbeat
I (313918) EPaperQr: Main loop heartbeat
I (323923) EPaperQr: Main loop heartbeat
I (333928) EPaperQr: Main loop heartbeat
I (343933) EPaperQr: Main loop heartbeat
I (353938) EPaperQr: Main loop heartbeat
I (363943) EPaperQr: Main loop heartbeat
I (373948) EPaperQr: Main loop heartbeat
I (383953) EPaperQr: Main loop heartbeat
I (393958) EPaperQr: Main loop heartbeat
I (403963) EPaperQr: Main loop heartbeat
I (413968) EPaperQr: Main loop heartbeat
I (423973) EPaperQr: Main loop heartbeat
I (433978) EPaperQr: Main loop heartbeat
I (443983) EPaperQr: Main loop heartbeat
I (453988) EPaperQr: Main loop heartbeat
